Arguments: 
  C:\Users\Adeola Adebisi\IdeaProjects\tutorials\spring-boot-modules\spring-boot-react\frontend\node\node.exe C:\Users\Adeola Adebisi\IdeaProjects\tutorials\spring-boot-modules\spring-boot-react\frontend\node\yarn\dist\bin\yarn.js

PATH: 
  C:\Users\Adeola Adebisi\IdeaProjects\tutorials\spring-boot-modules\spring-boot-react\frontend\node;C:\Users\Adeola Adebisi\IdeaProjects\tutorials\spring-boot-modules\spring-boot-react\frontend\node\yarn\dist\bin;C:\Python312\Scripts\;C:\Python312\;C:\Program Files\Common Files\Oracle\Java\javapath;C:\WINDOWS\system32;C:\WINDOWS;C:\WINDOWS\System32\Wbem;C:\WINDOWS\System32\WindowsPowerShell\v1.0\;C:\WINDOWS\System32\OpenSSH\;C:\Program Files\Git\cmd;C:\Program Files\nodejs\;C:\ProgramData\chocolatey\bin;C:\Program Files\Docker\Docker\resources\bin;C:\Tools;C:\Users\Adeola Adebisi\AppData\Local\Microsoft\WindowsApps;C:\Program Files\JetBrains\IntelliJ IDEA 2024.1.4\bin;C:\Users\Adeola Adebisi\AppData\Local\JetBrains\Toolbox\scripts;C:\Users\Adeola Adebisi\kubectl.exe;C:\Users\Adeola Adebisi\AppData\Local\Programs\Microsoft VS Code\bin;C:\Users\Adeola Adebisi\AppData\Roaming\npm;%USERPROFILE%\AppData\Local\Microsoft\WindowsApps;;

Yarn version: 
  1.12.1

Node version: 
  14.18.0

Platform: 
  win32 x64

Trace: 
  Error: ENOENT: no such file or directory, lstat 'C:\Users\Adeola Adebisi\IdeaProjects\tutorials\spring-boot-modules\spring-boot-react\frontend\node_modules\loose-envify'

npm manifest: 
  {
    "name": "frontend",
    "version": "0.1.0",
    "private": true,
    "dependencies": {
      "@testing-library/jest-dom": "^5.11.10",
      "@testing-library/react": "^11.2.5",
      "@testing-library/user-event": "^12.8.3",
      "@testing-library/dom": "^7.21.4",
      "@types/webpack": "^5.28.0",
      "sockjs-client": "^1.4.0",
      "type-fest": "^0.13.1",
      "webpack-hot-middleware": "^2.25.1",
      "webpack-plugin-serve": "^1.5.0",
      "bootstrap": "^5.1",
      "react": "^17.0.2",
      "react-cookie": "^4.1.1",
      "react-dom": "^17.0.2",
      "react-router-dom": "^5.3.0",
      "react-scripts": "4.0.3",
      "reactstrap": "^8.10.0",
      "web-vitals": "^1.1.1"
    },
    "resolutions": {
      "@babel/core": "7.16.0",
      "@babel/plugin-proposal-private-property-in-object": "7.16.0",
      "@babel/preset-env": "7.16.0",
      "@babel/preset-react": "7.16.0"
    },
    "scripts": {
      "start": "react-scripts start",
      "build": "react-scripts build",
      "test": "react-scripts test",
      "eject": "react-scripts eject"
    },
    "proxy": "http://localhost:8080",
    "eslintConfig": {
      "extends": [
        "react-app",
        "react-app/jest"
      ]
    },
    "browserslist": {
      "production": [
        ">0.2%",
        "not dead",
        "not op_mini all"
      ],
      "development": [
        "last 1 chrome version",
        "last 1 firefox version",
        "last 1 safari version"
      ]
    }
  }

yarn manifest: 
  No manifest

Lockfile: 
  No lockfile
